<?xml version="1.0" encoding="UTF-8"?>
<!-- Generated by org.testng.reporters.JUnitXMLReporter -->
<testsuite ignored="0" hostname="ANG-LT-2242" failures="1" tests="8" name="Test" time="58.405" errors="0" timestamp="2024-08-24T19:44:19 IST">
  <testcase classname="com.tests.LoginTests" name="validateSuccessfulLogin" time="4.701"/>
  <testcase classname="com.tests.LoginTests" name="validateInvalidPassword" time="0.422"/>
  <testcase classname="com.tests.LoginTests" name="validateInvalidUsername" time="2.325"/>
  <testcase classname="com.tests.LoginTests" name="validateInvalidCredentials" time="0.88"/>
  <testcase classname="com.tests.LoginTests" name="validateBlankInput" time="3.262"/>
  <testcase classname="com.tests.LoginTests" name="validateFailedScenario" time="1.745">
    <skipped/>
  </testcase> <!-- validateFailedScenario -->
  <testcase classname="com.tests.LoginTests" name="validateFailedScenario" time="0.256">
    <skipped/>
  </testcase> <!-- validateFailedScenario -->
  <testcase classname="com.tests.LoginTests" name="validateFailedScenario" time="0.268">
    <failure type="java.lang.AssertionError" message="The following asserts failed:
	expected [Failed: Your username is invalid!] but found [Your username is invalid!],
	expected [Failed: Your username is invalid!] but found [Your username is invalid!],
	expected [Failed: Your username is invalid!] but found [Your username is invalid!]">
      <![CDATA[java.lang.AssertionError: The following asserts failed:
expected [Failed: Your username is invalid!] but found [Your username is invalid!],
expected [Failed: Your username is invalid!] but found [Your username is invalid!],
expected [Failed: Your username is invalid!] but found [Your username is invalid!]
at com.tests.LoginTests.validateFailedScenario(LoginTests.java:88)
at java.base/java.util.ArrayList.forEach(ArrayList.java:1511)
... Removed 29 stack frames]]>
    </failure>
  </testcase> <!-- validateFailedScenario -->
</testsuite> <!-- Test -->
